<?xml version="1.0" encoding="UTF-8"?>
<robot generator="Robot 7.3.2 (Python 3.11.9 on win32)" generated="2025-11-24T18:30:22.856230" rpa="false" schemaversion="5">
<suite id="s1" name="Robot002" source="C:\Users\user\Desktop\group2-QA\UI_Testing\robot002.robot">
<test id="s1-t1" name="E2E Product Creation And Purchase Flow" line="100">
<kw name="Open Browsers And Set Aliases" type="SETUP">
<kw name="Open Browser" owner="SeleniumLibrary">
<msg time="2025-11-24T18:30:23.152447" level="INFO">Opening browser 'Chrome' to base url 'http://10.34.112.158:8000/dk/account'.</msg>
<arg>${CUSTOMER_LOGIN_URL}</arg>
<arg>Chrome</arg>
<arg>alias=Customer_Browser</arg>
<doc>Opens a new browser instance to the optional ``url``.</doc>
<status status="PASS" start="2025-11-24T18:30:23.152447" elapsed="5.867594"/>
</kw>
<kw name="Maximize Browser Window" owner="SeleniumLibrary">
<doc>Maximizes current browser window.</doc>
<status status="PASS" start="2025-11-24T18:30:29.020041" elapsed="0.035079"/>
</kw>
<kw name="Open Browser" owner="SeleniumLibrary">
<msg time="2025-11-24T18:30:29.056629" level="INFO">Opening browser 'Chrome' to base url 'http://10.34.112.158:9000/app/login'.</msg>
<arg>${ADMIN_LOGIN_URL}</arg>
<arg>Chrome</arg>
<arg>alias=Admin_Browser</arg>
<doc>Opens a new browser instance to the optional ``url``.</doc>
<status status="PASS" start="2025-11-24T18:30:29.056119" elapsed="2.624843"/>
</kw>
<kw name="Maximize Browser Window" owner="SeleniumLibrary">
<doc>Maximizes current browser window.</doc>
<status status="PASS" start="2025-11-24T18:30:31.680962" elapsed="0.069719"/>
</kw>
<status status="PASS" start="2025-11-24T18:30:23.152447" elapsed="8.598234"/>
</kw>
<kw name="Admin Log In">
<kw name="Login To Site">
<kw name="Switch Browser" owner="SeleniumLibrary">
<arg>${alias}</arg>
<doc>Switches between active browsers using ``index_or_alias``.</doc>
<status status="PASS" start="2025-11-24T18:30:31.752222" elapsed="0.001462"/>
</kw>
<kw name="Input Text" owner="SeleniumLibrary">
<msg time="2025-11-24T18:30:31.753684" level="INFO">Typing text 'group2@mu-store.local' into text field 'name:email'.</msg>
<arg>${USERNAME_FIELD}</arg>
<arg>${username}</arg>
<doc>Types the given ``text`` into the text field identified by ``locator``.</doc>
<status status="PASS" start="2025-11-24T18:30:31.753684" elapsed="0.263387"/>
</kw>
<kw name="Input Password" owner="SeleniumLibrary">
<msg time="2025-11-24T18:30:32.017071" level="INFO">Typing password into text field 'name:password'.</msg>
<msg time="2025-11-24T18:30:32.047040" level="INFO">Temporally setting log level to: NONE</msg>
<arg>${PASSWORD_FIELD}</arg>
<arg>${password}</arg>
<doc>Types the given password into the text field identified by ``locator``.</doc>
<status status="PASS" start="2025-11-24T18:30:32.017071" elapsed="0.083968"/>
</kw>
<kw name="Click Button" owner="SeleniumLibrary">
<msg time="2025-11-24T18:30:32.101039" level="INFO">Clicking button 'xpath://button[text()='Continue with Email']'.</msg>
<arg>${ADMIN_LOGIN_BUTTON}</arg>
<doc>Clicks the button identified by ``locator``.</doc>
<status status="PASS" start="2025-11-24T18:30:32.101039" elapsed="0.070084"/>
</kw>
<kw name="Wait Until Page Contains Element" owner="SeleniumLibrary">
<msg time="2025-11-24T18:30:38.292398" level="WARN">Keyword 'Capture Page Screenshot' could not be run on failure: Message: invalid session id; For documentation on this error, please visit: https://www.selenium.dev/documentation/webdriver/troubleshooting/errors#invalidsessionidexception
Stacktrace:
Symbols not available. Dumping unresolved backtrace:
	0x7ff7aa78a235
	0x7ff7aa4e2630
	0x7ff7aa2714e5
	0x7ff7aa2ba151
	0x7ff7aa2f2a12
	0x7ff7aa2ed27c
	0x7ff7aa2ec46a
	0x7ff7aa23acb5
	0x7ff7aa7b5d60
	0x7ff7aa7afe8a
	0x7ff7aa7d1005
	0x7ff7aa4fd71e
	0x7ff7aa504e1f
	0x7ff7aa23977b
	0x7ff7aa9045f8
	0x7ffff41ae8d7
	0x7ffff51ac53c
</msg>
<msg time="2025-11-24T18:30:38.292884" level="FAIL">InvalidSessionIdException: Message: invalid session id: session deleted as the browser has closed the connection
from disconnected: not connected to DevTools
  (Session info: chrome=142.0.7444.176); For documentation on this error, please visit: https://www.selenium.dev/documentation/webdriver/troubleshooting/errors#invalidsessionidexception
Stacktrace:
Symbols not available. Dumping unresolved backtrace:
	0x7ff7aa78a235
	0x7ff7aa4e2630
	0x7ff7aa2716dd
	0x7ff7aa25d205
	0x7ff7aa282a8a
	0x7ff7aa2fa476
	0x7ff7aa31b3d2
	0x7ff7aa2bb0ed
	0x7ff7aa2bbf63
	0x7ff7aa7b5d60
	0x7ff7aa7afe8a
	0x7ff7aa7d1005
	0x7ff7aa4fd71e
	0x7ff7aa504e1f
	0x7ff7aa4eb7c4
	0x7ff7aa4eb97f
	0x7ff7aa4d18e8
	0x7ffff41ae8d7
	0x7ffff51ac53c
</msg>
<arg>${DASHBOARD_CHECK}</arg>
<arg>timeout=10s</arg>
<doc>Waits until the element ``locator`` appears on the current page.</doc>
<status status="FAIL" start="2025-11-24T18:30:32.171123" elapsed="6.277112">InvalidSessionIdException: Message: invalid session id: session deleted as the browser has closed the connection
from disconnected: not connected to DevTools
  (Session info: chrome=142.0.7444.176); For documentation on this error, please visit: https://www.selenium.dev/documentation/webdriver/troubleshooting/errors#invalidsessionidexception
Stacktrace:
Symbols not available. Dumping unresolved backtrace:
	0x7ff7aa78a235
	0x7ff7aa4e2630
	0x7ff7aa2716dd
	0x7ff7aa25d205
	0x7ff7aa282a8a
	0x7ff7aa2fa476
	0x7ff7aa31b3d2
	0x7ff7aa2bb0ed
	0x7ff7aa2bbf63
	0x7ff7aa7b5d60
	0x7ff7aa7afe8a
	0x7ff7aa7d1005
	0x7ff7aa4fd71e
	0x7ff7aa504e1f
	0x7ff7aa4eb7c4
	0x7ff7aa4eb97f
	0x7ff7aa4d18e8
	0x7ffff41ae8d7
	0x7ffff51ac53c
</status>
</kw>
<kw name="Log To Console" owner="BuiltIn">
<arg>Successfully logged into ${alias}.</arg>
<doc>Logs the given message to the console.</doc>
<status status="NOT RUN" start="2025-11-24T18:30:38.448235" elapsed="0.000000"/>
</kw>
<arg>Admin_Browser</arg>
<arg>${ADMIN_USER}</arg>
<arg>${ADMIN_PASS}</arg>
<status status="FAIL" start="2025-11-24T18:30:31.752222" elapsed="6.696013">InvalidSessionIdException: Message: invalid session id: session deleted as the browser has closed the connection
from disconnected: not connected to DevTools
  (Session info: chrome=142.0.7444.176); For documentation on this error, please visit: https://www.selenium.dev/documentation/webdriver/troubleshooting/errors#invalidsessionidexception
Stacktrace:
Symbols not available. Dumping unresolved backtrace:
	0x7ff7aa78a235
	0x7ff7aa4e2630
	0x7ff7aa2716dd
	0x7ff7aa25d205
	0x7ff7aa282a8a
	0x7ff7aa2fa476
	0x7ff7aa31b3d2
	0x7ff7aa2bb0ed
	0x7ff7aa2bbf63
	0x7ff7aa7b5d60
	0x7ff7aa7afe8a
	0x7ff7aa7d1005
	0x7ff7aa4fd71e
	0x7ff7aa504e1f
	0x7ff7aa4eb7c4
	0x7ff7aa4eb97f
	0x7ff7aa4d18e8
	0x7ffff41ae8d7
	0x7ffff51ac53c
</status>
</kw>
<status status="FAIL" start="2025-11-24T18:30:31.751378" elapsed="6.696857">InvalidSessionIdException: Message: invalid session id: session deleted as the browser has closed the connection
from disconnected: not connected to DevTools
  (Session info: chrome=142.0.7444.176); For documentation on this error, please visit: https://www.selenium.dev/documentation/webdriver/troubleshooting/errors#invalidsessionidexception
Stacktrace:
Symbols not available. Dumping unresolved backtrace:
	0x7ff7aa78a235
	0x7ff7aa4e2630
	0x7ff7aa2716dd
	0x7ff7aa25d205
	0x7ff7aa282a8a
	0x7ff7aa2fa476
	0x7ff7aa31b3d2
	0x7ff7aa2bb0ed
	0x7ff7aa2bbf63
	0x7ff7aa7b5d60
	0x7ff7aa7afe8a
	0x7ff7aa7d1005
	0x7ff7aa4fd71e
	0x7ff7aa504e1f
	0x7ff7aa4eb7c4
	0x7ff7aa4eb97f
	0x7ff7aa4d18e8
	0x7ffff41ae8d7
	0x7ffff51ac53c
</status>
</kw>
<kw name="Admin Create And Publish Product">
<status status="NOT RUN" start="2025-11-24T18:30:38.448235" elapsed="0.000000"/>
</kw>
<kw name="Customer Log In">
<status status="NOT RUN" start="2025-11-24T18:30:38.448235" elapsed="0.000000"/>
</kw>
<kw name="Customer Browse Add To Cart">
<status status="NOT RUN" start="2025-11-24T18:30:38.448235" elapsed="0.000000"/>
</kw>
<kw name="Customer Checkout And Place Order">
<status status="NOT RUN" start="2025-11-24T18:30:38.448235" elapsed="0.000000"/>
</kw>
<kw name="Admin Manage Order And Mark Delivered">
<status status="NOT RUN" start="2025-11-24T18:30:38.448235" elapsed="0.000000"/>
</kw>
<kw name="Customer View Order History">
<status status="NOT RUN" start="2025-11-24T18:30:38.448235" elapsed="0.000000"/>
</kw>
<kw name="Log" owner="BuiltIn">
<arg>Test completed successfully.</arg>
<doc>Logs the given message with the given level.</doc>
<status status="NOT RUN" start="2025-11-24T18:30:38.448235" elapsed="0.000000"/>
</kw>
<kw name="Close All Browsers" owner="SeleniumLibrary" type="TEARDOWN">
<doc>Closes all open browsers and resets the browser cache.</doc>
<status status="PASS" start="2025-11-24T18:30:38.448235" elapsed="4.214890"/>
</kw>
<status status="FAIL" start="2025-11-24T18:30:23.152447" elapsed="19.510678">InvalidSessionIdException: Message: invalid session id: session deleted as the browser has closed the connection
from disconnected: not connected to DevTools
  (Session info: chrome=142.0.7444.176); For documentation on this error, please visit: https://www.selenium.dev/documentation/webdriver/troubleshooting/errors#invalidsessionidexception
Stacktrace:
Symbols not available. Dumping unresolved backtrace:
	0x7ff7aa78a235
	0x7ff7aa4e2630
	0x7ff7aa2716dd
	0x7ff7aa25d205
	0x7ff7aa282a8a
	0x7ff7aa2fa476
	0x7ff7aa31b3d2
	0x7ff7aa2bb0ed
	0x7ff7aa2bbf63
	0x7ff7aa7b5d60
	0x7ff7aa7afe8a
	0x7ff7aa7d1005
	0x7ff7aa4fd71e
	0x7ff7aa504e1f
	0x7ff7aa4eb7c4
	0x7ff7aa4eb97f
	0x7ff7aa4d18e8
	0x7ffff41ae8d7
	0x7ffff51ac53c
</status>
</test>
<doc>End-to-end test for product creation and purchase flow using a single file.</doc>
<status status="FAIL" start="2025-11-24T18:30:22.857495" elapsed="19.805630"/>
</suite>
<statistics>
<total>
<stat pass="0" fail="1" skip="0">All Tests</stat>
</total>
<tag>
</tag>
<suite>
<stat name="Robot002" id="s1" pass="0" fail="1" skip="0">Robot002</stat>
</suite>
</statistics>
<errors>
<msg time="2025-11-24T18:30:38.292398" level="WARN">Keyword 'Capture Page Screenshot' could not be run on failure: Message: invalid session id; For documentation on this error, please visit: https://www.selenium.dev/documentation/webdriver/troubleshooting/errors#invalidsessionidexception
Stacktrace:
Symbols not available. Dumping unresolved backtrace:
	0x7ff7aa78a235
	0x7ff7aa4e2630
	0x7ff7aa2714e5
	0x7ff7aa2ba151
	0x7ff7aa2f2a12
	0x7ff7aa2ed27c
	0x7ff7aa2ec46a
	0x7ff7aa23acb5
	0x7ff7aa7b5d60
	0x7ff7aa7afe8a
	0x7ff7aa7d1005
	0x7ff7aa4fd71e
	0x7ff7aa504e1f
	0x7ff7aa23977b
	0x7ff7aa9045f8
	0x7ffff41ae8d7
	0x7ffff51ac53c
</msg>
</errors>
</robot>
